<?xml version="1.0" encoding="UTF-8"?>
<!-- Generated by org.testng.reporters.JUnitXMLReporter -->
<testsuite ignored="0" hostname="DESKTOP-QLAFB8M" failures="0" tests="6" name="Run on Chrome" time="13.103" errors="0" timestamp="30 Sep 2024 08:45:02 GMT">
  <testcase classname="nopcommerce.user.Login" name="TC_01_Empty_Data" time="1.155"/>
  <testcase classname="nopcommerce.user.Login" name="TC_02_Invalid_Email" time="0.735"/>
  <testcase classname="nopcommerce.user.Login" name="TC_03_Unregistered_Email" time="1.289"/>
  <testcase classname="nopcommerce.user.Login" name="TC_04_Not_Input_Password" time="0.793"/>
  <testcase classname="nopcommerce.user.Login" name="TC_05_Wrong_Password" time="0.904"/>
  <testcase classname="nopcommerce.user.Login" name="TC_06_Success_Login" time="1.414"/>
</testsuite> <!-- Run on Chrome -->
