<?xml version="1.0" encoding="UTF-8"?>
<!-- Generated by org.testng.reporters.JUnitXMLReporter -->
<testsuite ignored="0" hostname="DESKTOP-QLAFB8M" failures="0" tests="6" name="Run on Edge" time="24.762" errors="0" timestamp="30 Sep 2024 08:45:14 GMT">
  <testcase classname="nopcommerce.user.Login" name="TC_01_Empty_Data" time="0.654"/>
  <testcase classname="nopcommerce.user.Login" name="TC_02_Invalid_Email" time="0.925"/>
  <testcase classname="nopcommerce.user.Login" name="TC_03_Unregistered_Email" time="0.956"/>
  <testcase classname="nopcommerce.user.Login" name="TC_04_Not_Input_Password" time="0.876"/>
  <testcase classname="nopcommerce.user.Login" name="TC_05_Wrong_Password" time="1.176"/>
  <testcase classname="nopcommerce.user.Login" name="TC_06_Success_Login" time="0.77"/>
</testsuite> <!-- Run on Edge -->
